1) db.init() başlıyor
2) ensure_schema()
3) auth.ensure_first_user()
4) Tk başlıyor
5) App oluşturuluyor
1) db.init() başlıyor
2) ensure_schema()
3) auth.ensure_first_user()
4) Tk başlıyor
5) App oluşturuluyor
6) mainloop()
1) db.init() başlıyor
2) ensure_schema()
3) auth.ensure_first_user()
4) Tk başlıyor
5) App oluşturuluyor
6) mainloop()
1) db.init() başlıyor
2) ensure_schema()
3) auth.ensure_first_user()
4) Tk başlıyor
5) App oluşturuluyor
6) mainloop()
1) db.init() başlıyor
2) ensure_schema()
3) auth.ensure_first_user()
4) Tk başlıyor
5) App oluşturuluyor
6) mainloop()
1) db.init() başlıyor
2) ensure_schema()
3) auth.ensure_first_user()
4) Tk başlıyor
5) App oluşturuluyor
6) mainloop()
1) db.init() başlıyor
2) ensure_schema()
3) auth.ensure_first_user()
4) Tk başlıyor
5) App oluşturuluyor
6) mainloop()
1) db.init() başlıyor
2) ensure_schema()
3) auth.ensure_first_user()
4) Tk başlıyor
5) App oluşturuluyor
6) mainloop()
1) db.init() başlıyor
2) ensure_schema()
3) auth.ensure_first_user()
4) Tk başlıyor
5) App oluşturuluyor
6) mainloop()
1) db.init() başlıyor
2) ensure_schema()
3) auth.ensure_first_user()
4) Tk başlıyor
5) App oluşturuluyor
1) db.init() başlıyor
2) ensure_schema()
3) auth.ensure_first_user()
4) Tk başlıyor
5) App oluşturuluyor
1) db.init() başlıyor
2) ensure_schema()
3) auth.ensure_first_user()
4) Tk başlıyor
5) App oluşturuluyor
6) mainloop()
1) db.init() başlıyor
2) ensure_schema()
3) auth.ensure_first_user()
4) Tk başlıyor
5) App oluşturuluyor
6) mainloop()
1) db.init() başlıyor
2) ensure_schema()
3) auth.ensure_first_user()
4) Tk başlıyor
1) db.init() başlıyor
2) ensure_schema()
3) auth.ensure_first_user()
4) Tk başlıyor
5) App oluşturuluyor
6) mainloop()
1) db.init() başlıyor
2) ensure_schema()
3) auth.ensure_first_user()
4) Tk başlıyor
1) db.init() başlıyor
2) ensure_schema()
3) auth.ensure_first_user()
4) Tk başlıyor
1) db.init() başlıyor
2) ensure_schema()
3) auth.ensure_first_user()
4) Tk başlıyor
5) App oluşturuluyor
6) mainloop()
1) db.init()
2) ensure_schema()
3) auth.ensure_first_user()
4) Tk başlıyor
5) App oluşturuluyor
1) db.init()
2) ensure_schema()
3) auth.ensure_first_user()
4) Tk başlıyor
5) App oluşturuluyor
1) db.init()
2) ensure_schema()
3) auth.ensure_first_user()
4) Tk başlıyor
5) App oluşturuluyor
1) db.init()
2) ensure_schema()
3) auth.ensure_first_user()
4) Tk başlıyor
5) App oluşturuluyor
1) db.init()
2) ensure_schema()
3) auth.ensure_first_user()
4) Tk başlıyor
5) App oluşturuluyor
1) db.init()
2) ensure_schema()
3) auth.ensure_first_user()
4) Tk başlıyor
5) App oluşturuluyor
1) db.init()
2) ensure_schema()
3) auth.ensure_first_user()
4) Tk başlıyor
5) App oluşturuluyor
1) db.init()
2) ensure_schema()
3) auth.ensure_first_user()
4) Tk başlıyor
5) App oluşturuluyor
1) db.init()
2) ensure_schema()
3) auth.ensure_first_user()
4) Tk başlıyor
5) App oluşturuluyor
1) db.init()
2) ensure_schema()
3) auth.ensure_first_user()
4) Tk başlıyor
5) App oluşturuluyor
1) db.init()
2) ensure_schema()
3) auth.ensure_first_user()
4) Tk başlıyor
5) App oluşturuluyor
1) db.init()
2) ensure_schema()
3) auth.ensure_first_user()
4) Tk başlıyor
5) App oluşturuluyor
1) db.init()
2) ensure_schema()
3) auth.ensure_first_user()
4) Tk başlıyor
5) App oluşturuluyor
1) db.init()
2) ensure_schema()
3) auth.ensure_first_user()
4) Tk başlıyor
5) App oluşturuluyor
1) db.init()
2) ensure_schema()
3) auth.ensure_first_user()
4) Tk başlıyor
5) App oluşturuluyor
6) mainloop()
1) db.init()
2) ensure_schema()
3) auth.ensure_first_user()
4) Tk başlıyor
5) App oluşturuluyor
1) db.init()
2) ensure_schema()
3) auth.ensure_first_user()
4) Tk başlıyor
5) App oluşturuluyor
1) db.init()
2) ensure_schema()
3) auth.ensure_first_user()
4) Tk başlıyor
5) App oluşturuluyor
6) mainloop()
1) db.init()
2) ensure_schema()
3) auth.ensure_first_user()
4) Tk başlıyor
5) App oluşturuluyor
6) mainloop()
1) db.init()
2) ensure_schema()
3) auth.ensure_first_user()
4) Tk başlıyor
5) App oluşturuluyor
6) mainloop()
1) db.init()
2) ensure_schema()
3) auth.ensure_first_user()
4) Tk başlıyor
5) App oluşturuluyor
6) mainloop()
1) db.init()
2) ensure_schema()
3) auth.ensure_first_user()
4) Tk başlıyor
5) App oluşturuluyor
1) db.init()
2) ensure_schema()
3) auth.ensure_first_user()
4) Tk başlıyor
5) App oluşturuluyor
1) db.init()
2) ensure_schema()
3) auth.ensure_first_user()
4) Tk başlıyor
5) App oluşturuluyor
1) db.init()
2) ensure_schema()
3) auth.ensure_first_user()
4) Tk başlıyor
5) App oluşturuluyor
1) db.init()
2) ensure_schema()
3) auth.ensure_first_user()
4) Tk başlıyor
5) App oluşturuluyor
6) mainloop()
1) db.init()
2) ensure_schema()
3) auth.ensure_first_user()
4) Tk başlıyor
5) App oluşturuluyor
1) db.init()
2) ensure_schema()
3) auth.ensure_first_user()
4) Tk başlıyor
5) App oluşturuluyor
1) db.init()
2) ensure_schema()
3) auth.ensure_first_user()
4) Tk başlıyor
5) App oluşturuluyor
1) db.init()
2) ensure_schema()
3) auth.ensure_first_user()
4) Tk başlıyor
5) App oluşturuluyor
1) db.init()
2) ensure_schema()
3) auth.ensure_first_user()
4) Tk başlıyor
5) App oluşturuluyor
1) db.init()
2) ensure_schema()
3) auth.ensure_first_user()
4) Tk başlıyor
5) App oluşturuluyor
1) db.init()
2) ensure_schema()
3) auth.ensure_first_user()
4) Tk başlıyor
5) App oluşturuluyor
6) mainloop()
1) db.init()
2) ensure_schema()
3) auth.ensure_first_user()
4) Tk başlıyor
5) App oluşturuluyor
6) mainloop()
1) db.init()
2) ensure_schema()
3) auth.ensure_first_user()
4) Tk başlıyor
5) App oluşturuluyor
6) mainloop()
1) db.init()
2) ensure_schema()
3) auth.ensure_first_user()
4) Tk başlıyor
5) App oluşturuluyor
6) mainloop()
1) db.init()
2) ensure_schema()
3) auth.ensure_first_user()
4) Tk başlıyor
5) App oluşturuluyor
6) mainloop()
1) db.init()
2) ensure_schema()
3) auth.ensure_first_user()
4) Tk başlıyor
5) App oluşturuluyor
6) mainloop()
1) db.init()
2) ensure_schema()
3) auth.ensure_first_user()
4) Tk başlıyor
5) App oluşturuluyor
6) mainloop()
1) db.init()
2) ensure_schema()
3) auth.ensure_first_user()
4) Tk başlıyor
5) App oluşturuluyor
6) mainloop()
1) db.init()
2) ensure_schema()
3) auth.ensure_first_user()
4) Tk başlıyor
5) App oluşturuluyor
6) mainloop()
